Versión 0.2.0 2020/04/20 02:10
(Simulador de Circuito Paralelizado con OpenMP)

Empleando la función Tasa de transmisión R0: A*e^(-(B/10*x+C/100*x^2+D/1000*X^3)) 
El archivo <./Madrid/ParInit_Optimos_08_006_Exp4.txt> contiene los siguientes valores
  -> 0 0 2 1 0.8 0.06 5.807 0.948 5.807 0.948 9 14 6.67 2.55 5 10 7 14 0.988 -1.016 0.37 0.774 0 0 0 0 0 

Leyendo archivo de comunidades de españa para <Madrid>
Los datos originales eran desde el día 2020-03-03 hasta el día 2020-04-19
Datos ajustados para que contengan 18 ceros en lugar de 2 al inicio.
El inicio de los datos se corresponde con 16 días antes de la fecha original.
El archivo de <Madrid> contiene los siguientes valores
  -> 0 0 0 0 0 0 0 0 0 0 0 0 0 0 0 0 0 0 1 2 4 8 8 21 31 56 81 86 213 213 355 390 498 628 804 1021 1263 1535 1825 2090 2412 2757 3082 3392 3603 3865 4175 4483 4723 4941 5136 5371 ...
  -> Tamaño del histórico: 64 días
  -> Población <Madrid>: 6663394

El archivo <./Madrid/ParInit_Optimos_08_006_Exp4.txt> contiene los siguientes valores
  -> Inicialmente hay 2 contagiados que en 1 días presentarán síntomas (I1->I3).
            	# 	#1	#2	#3	#4	#5	#6
  -> alfas: 	0.80	5.8070	5.8070	9.0000	6.6700	5.0000	7.0000
  -> betas: 	0.06	0.9480	0.9480	14.0000	2.5500	10.0000	14.0000
    ----------------------------------------------------------------------------------
   exp f/c  	         1           2           3
  ->   1    	+9.880e-01  +3.700e-01  +3.700e-01
  ->   2    	+7.740e-01  +0.000e+00  +0.000e+00
  ->   3    	+0.000e+00  +0.000e+00  +0.000e+00

(600) Simulaciones de 62 días empleando 6663394 personas ...
Resultados para el vector de Susceptibles (S)
--(6.000e+02)-------------------------------------------
Acumulado / Max / Min: 
  Ind  ->      0      1      2      3      4      5      6      7      8      9     10     11     12     13     14     15     16     17     18     19     20     21     22     23     24     25     26     27     28     29     30     31     32     33     34     35     36     37     38     39     40     41     42     43     44     45     46     47     48     49     50     51     52     53     54     55     56     57     58     59     60     61 
  Acum -> 3998036400 3998035119 3998032061 3998024997 3998007921 3997967180 3997872571 3997659998 3997213334 3996356888 3994897412 3992733290 3990002070 3987096697 3984501642 3982543511 3981276106 3980561916 3980208174 3980050871 3979987692 3979964909 3979957653 3979955585 3979955055 3979954933 3979954899 3979954894 3979954893 3979954893 3979954893 3979954893 3979954893 3979954893 3979954893 3979954893 3979954893 3979954893 3979954893 3979954893 3979954893 3979954893 3979954893 3979954893 3979954893 3979954893 3979954893 3979954893 3979954893 3979954893 3979954893 3979954893 3979954893 3979954893 3979954893 3979954893 3979954893 3979954893 3979954893 3979954893 3979954893 3979954893 
  Max  -> 6663394 6663394 6663394 6663394 6663392 6663384 6663368 6663334 6663262 6663116 6662863 6662490 6662030 6661553 6661138 6660815 6660607 6660472 6660403 6660379 6660373 6660371 6660370 6660370 6660370 6660370 6660370 6660370 6660370 6660370 6660370 6660370 6660370 6660370 6660370 6660370 6660370 6660370 6660370 6660370 6660370 6660370 6660370 6660370 6660370 6660370 6660370 6660370 6660370 6660370 6660370 6660370 6660370 6660370 6660370 6660370 6660370 6660370 6660370 6660370 6660370 6660370 
  Min  -> 6663394 6663387 6663374 6663329 6663235 6663007 6662472 6661302 6658878 6654159 6646213 6634472 6619703 6603809 6589632 6579070 6572130 6568199 6566269 6565404 6565043 6564898 6564856 6564850 6564849 6564849 6564849 6564849 6564849 6564849 6564849 6564849 6564849 6564849 6564849 6564849 6564849 6564849 6564849 6564849 6564849 6564849 6564849 6564849 6564849 6564849 6564849 6564849 6564849 6564849 6564849 6564849 6564849 6564849 6564849 6564849 6564849 6564849 6564849 6564849 6564849 6564849 
Promedio: 
  Prom -> 6.663e+06 6.663e+06 6.663e+06 6.663e+06 6.663e+06 6.663e+06 6.663e+06 6.663e+06 6.662e+06 6.661e+06 6.658e+06 6.655e+06 6.650e+06 6.645e+06 6.641e+06 6.638e+06 6.635e+06 6.634e+06 6.634e+06 6.633e+06 6.633e+06 6.633e+06 6.633e+06 6.633e+06 6.633e+06 6.633e+06 6.633e+06 6.633e+06 6.633e+06 6.633e+06 6.633e+06 6.633e+06 6.633e+06 6.633e+06 6.633e+06 6.633e+06 6.633e+06 6.633e+06 6.633e+06 6.633e+06 6.633e+06 6.633e+06 6.633e+06 6.633e+06 6.633e+06 6.633e+06 6.633e+06 6.633e+06 6.633e+06 6.633e+06 6.633e+06 6.633e+06 6.633e+06 6.633e+06 6.633e+06 6.633e+06 6.633e+06 6.633e+06 6.633e+06 6.633e+06 6.633e+06 6.633e+06 
 Se han almacenado los resultados en el  directorio <./Madrid>.
Resultados para el vector de Infectados (I1) 
--(6.000e+02)-------------------------------------------
Acumulado / Max / Min: 
  Ind  ->      0      1      2      3      4      5      6      7      8      9     10     11     12     13     14     15     16     17     18     19     20     21     22     23     24     25     26     27     28     29     30     31     32     33     34     35     36     37     38     39     40     41     42     43     44     45     46     47     48     49     50     51     52     53     54     55     56     57     58     59     60     61 
  Acum -> 000000 002481 004338 011375 028271 068328 161084 369063 804642 1635138 3035757 5074123 7552782 9993129 11807807 12585218 12253731 11020271 9238527 7269091 5396904 3797198 2542645 1626140 997203 587855 334156 184162 098305 050975 025737 012716 006134 002888 001338 000627 000261 000109 000056 000021 000004 000001 000001 000000 000000 000000 000000 000000 000000 000000 000000 000000 000000 000000 000000 000000 000000 000000 000000 000000 000000 000000 
  Max  -> 000000 000009 000020 000065 000159 000383 000908 002059 004418 008978 016596 027631 040956 054414 064322 068437 066712 060055 050223 039457 029259 020672 013825 008790 005448 003211 001818 001028 000553 000295 000160 000080 000040 000017 000009 000005 000004 000002 000002 000001 000001 000001 000001 000000 000000 000000 000000 000000 000000 000000 000000 000000 000000 000000 000000 000000 000000 000000 000000 000000 000000 000000 
  Min  -> 000000 000002 000000 000000 000002 000010 000026 000060 000131 000272 000516 000865 001289 001674 001956 002086 002049 001845 001567 001231 000886 000619 000417 000265 000159 000095 000055 000027 000011 000007 000003 000002 000000 000000 000000 000000 000000 000000 000000 000000 000000 000000 000000 000000 000000 000000 000000 000000 000000 000000 000000 000000 000000 000000 000000 000000 000000 000000 000000 000000 000000 000000 
Promedio: 
  Prom -> 0.000e+00 4.135e+00 7.230e+00 1.896e+01 4.712e+01 1.139e+02 2.685e+02 6.151e+02 1.341e+03 2.725e+03 5.060e+03 8.457e+03 1.259e+04 1.666e+04 1.968e+04 2.098e+04 2.042e+04 1.837e+04 1.540e+04 1.212e+04 8.995e+03 6.329e+03 4.238e+03 2.710e+03 1.662e+03 9.798e+02 5.569e+02 3.069e+02 1.638e+02 8.496e+01 4.290e+01 2.119e+01 1.022e+01 4.813e+00 2.230e+00 1.045e+00 4.350e-01 1.817e-01 9.333e-02 3.500e-02 6.667e-03 1.667e-03 1.667e-03 0.000e+00 0.000e+00 0.000e+00 0.000e+00 0.000e+00 0.000e+00 0.000e+00 0.000e+00 0.000e+00 0.000e+00 0.000e+00 0.000e+00 0.000e+00 0.000e+00 0.000e+00 0.000e+00 0.000e+00 0.000e+00 0.000e+00 
 Se han almacenado los resultados en el  directorio <./Madrid>.
Resultados para el vector de Infectados (I2) 
--(6.000e+02)-------------------------------------------
Acumulado / Max / Min: 
  Ind  ->      0      1      2      3      4      5      6      7      8      9     10     11     12     13     14     15     16     17     18     19     20     21     22     23     24     25     26     27     28     29     30     31     32     33     34     35     36     37     38     39     40     41     42     43     44     45     46     47     48     49     50     51     52     53     54     55     56     57     58     59     60     61 
  Acum -> 001200 000000 000001 000024 000163 000711 002183 005845 014638 035346 082070 182195 382930 752138 1369636 2298830 3542137 5024757 6584230 8017281 9116442 9729979 9784316 9295505 8360719 7127348 5765668 4435523 3245244 2263958 1508914 964339 592159 350138 200327 110698 059448 031218 015811 007789 003692 001757 000819 000375 000176 000068 000034 000017 000004 000001 000001 000001 000000 000000 000000 000000 000000 000000 000000 000000 000000 000000 
  Max  -> 000002 000000 000001 000001 000004 000009 000013 000032 000082 000207 000470 001013 002187 004081 007425 012491 019213 027288 035907 043816 049811 053008 053368 050742 045543 038843 031378 023926 017568 012179 008104 005218 003161 001943 001092 000623 000344 000187 000097 000041 000020 000012 000006 000005 000003 000002 000002 000001 000001 000001 000001 000001 000000 000000 000000 000000 000000 000000 000000 000000 000000 000000 
  Min  -> 000002 000000 000000 000000 000000 000000 000000 000000 000001 000005 000012 000032 000063 000132 000236 000385 000572 000843 001089 001332 001530 001647 001640 001557 001414 001194 000966 000746 000550 000382 000237 000144 000083 000053 000029 000015 000009 000004 000003 000000 000000 000000 000000 000000 000000 000000 000000 000000 000000 000000 000000 000000 000000 000000 000000 000000 000000 000000 000000 000000 000000 000000 
Promedio: 
  Prom -> 2.000e+00 0.000e+00 1.667e-03 4.000e-02 2.717e-01 1.185e+00 3.638e+00 9.742e+00 2.440e+01 5.891e+01 1.368e+02 3.037e+02 6.382e+02 1.254e+03 2.283e+03 3.831e+03 5.904e+03 8.375e+03 1.097e+04 1.336e+04 1.519e+04 1.622e+04 1.631e+04 1.549e+04 1.393e+04 1.188e+04 9.609e+03 7.393e+03 5.409e+03 3.773e+03 2.515e+03 1.607e+03 9.869e+02 5.836e+02 3.339e+02 1.845e+02 9.908e+01 5.203e+01 2.635e+01 1.298e+01 6.153e+00 2.928e+00 1.365e+00 6.250e-01 2.933e-01 1.133e-01 5.667e-02 2.833e-02 6.667e-03 1.667e-03 1.667e-03 1.667e-03 0.000e+00 0.000e+00 0.000e+00 0.000e+00 0.000e+00 0.000e+00 0.000e+00 0.000e+00 0.000e+00 0.000e+00 
 Se han almacenado los resultados en el  directorio <./Madrid>.
Resultados para el vector de Infectados (I3) 
--(6.000e+02)-------------------------------------------
Acumulado / Max / Min: 
  Ind  ->      0      1      2      3      4      5      6      7      8      9     10     11     12     13     14     15     16     17     18     19     20     21     22     23     24     25     26     27     28     29     30     31     32     33     34     35     36     37     38     39     40     41     42     43     44     45     46     47     48     49     50     51     52     53     54     55     56     57     58     59     60     61 
  Acum -> 000000 000000 001200 001204 001245 001381 001762 002694 004983 010188 022169 047092 097505 190162 345712 580681 899989 1288214 1713919 2134383 2511705 2817741 3033316 3152635 3170779 3088573 2910165 2647100 2319856 1954821 1582837 1232897 926641 676714 482705 340220 239359 170461 123954 092978 071901 056730 045709 037193 030543 025116 020564 016960 013913 011273 008998 007265 005844 004665 003693 002942 002333 001846 001421 001086 000857 000649 
  Max  -> 000000 000000 000002 000003 000004 000005 000008 000015 000024 000052 000116 000276 000542 001068 001954 003235 004983 007060 009377 011619 013690 015367 016520 017163 017207 016777 015774 014379 012671 010674 008612 006711 005085 003774 002707 001893 001315 000922 000672 000506 000385 000314 000238 000192 000166 000133 000104 000089 000074 000062 000050 000043 000035 000027 000023 000021 000015 000013 000011 000010 000007 000006 
  Min  -> 000000 000000 000002 000002 000002 000002 000002 000002 000002 000003 000005 000008 000013 000035 000063 000105 000155 000211 000286 000360 000437 000479 000510 000537 000532 000517 000486 000441 000398 000333 000277 000227 000168 000122 000082 000062 000041 000029 000021 000015 000013 000008 000007 000004 000003 000003 000002 000002 000002 000001 000001 000001 000000 000000 000000 000000 000000 000000 000000 000000 000000 000000 
Promedio: 
  Prom -> 0.000e+00 0.000e+00 2.000e+00 2.007e+00 2.075e+00 2.302e+00 2.937e+00 4.490e+00 8.305e+00 1.698e+01 3.695e+01 7.849e+01 1.625e+02 3.169e+02 5.762e+02 9.678e+02 1.500e+03 2.147e+03 2.857e+03 3.557e+03 4.186e+03 4.696e+03 5.056e+03 5.254e+03 5.285e+03 5.148e+03 4.850e+03 4.412e+03 3.866e+03 3.258e+03 2.638e+03 2.055e+03 1.544e+03 1.128e+03 8.045e+02 5.670e+02 3.989e+02 2.841e+02 2.066e+02 1.550e+02 1.198e+02 9.455e+01 7.618e+01 6.199e+01 5.090e+01 4.186e+01 3.427e+01 2.827e+01 2.319e+01 1.879e+01 1.500e+01 1.211e+01 9.740e+00 7.775e+00 6.155e+00 4.903e+00 3.888e+00 3.077e+00 2.368e+00 1.810e+00 1.428e+00 1.082e+00 
 Se han almacenado los resultados en el  directorio <./Madrid>.
Resultados para el vector de Recuperados (R1) 
--(6.000e+02)-------------------------------------------
Acumulado / Max / Min: 
  Ind  ->      0      1      2      3      4      5      6      7      8      9     10     11     12     13     14     15     16     17     18     19     20     21     22     23     24     25     26     27     28     29     30     31     32     33     34     35     36     37     38     39     40     41     42     43     44     45     46     47     48     49     50     51     52     53     54     55     56     57     58     59     60     61 
  Acum -> 000000 000000 000000 000000 000000 000000 000000 000000 000003 000037 000189 000897 002305 005463 012787 029327 065553 142253 292287 564963 1022631 1722928 2709529 3986506 5509205 7188724 8896965 10488659 11840712 12842052 13422447 13546585 13222756 12491960 11430884 10128227 8689494 7216615 5800935 4513187 3398519 2478007 1748021 1194291 791011 507076 315582 190396 111444 063286 034878 018811 009817 005120 002523 001277 000596 000278 000135 000064 000026 000011 
  Max  -> 000000 000000 000000 000000 000000 000000 000000 000000 000001 000002 000004 000007 000015 000030 000063 000163 000358 000794 001619 003097 005588 009428 014773 021737 030119 039223 048624 057448 064634 070196 073210 073711 071960 067895 062115 054930 047167 039196 031434 024460 018384 013363 009525 006565 004318 002832 001753 001058 000638 000373 000198 000109 000065 000034 000019 000009 000007 000005 000004 000002 000001 000001 
  Min  -> 000000 000000 000000 000000 000000 000000 000000 000000 000000 000000 000000 000000 000000 000000 000002 000005 000013 000025 000051 000094 000170 000280 000459 000665 000916 001205 001490 001760 001979 002146 002265 002282 002206 002074 001911 001697 001454 001207 000959 000766 000581 000407 000305 000209 000133 000083 000058 000037 000020 000012 000007 000002 000000 000000 000000 000000 000000 000000 000000 000000 000000 000000 
Promedio: 
  Prom -> 0.000e+00 0.000e+00 0.000e+00 0.000e+00 0.000e+00 0.000e+00 0.000e+00 0.000e+00 5.000e-03 6.167e-02 3.150e-01 1.495e+00 3.842e+00 9.105e+00 2.131e+01 4.888e+01 1.093e+02 2.371e+02 4.871e+02 9.416e+02 1.704e+03 2.872e+03 4.516e+03 6.644e+03 9.182e+03 1.198e+04 1.483e+04 1.748e+04 1.973e+04 2.140e+04 2.237e+04 2.258e+04 2.204e+04 2.082e+04 1.905e+04 1.688e+04 1.448e+04 1.203e+04 9.668e+03 7.522e+03 5.664e+03 4.130e+03 2.913e+03 1.990e+03 1.318e+03 8.451e+02 5.260e+02 3.173e+02 1.857e+02 1.055e+02 5.813e+01 3.135e+01 1.636e+01 8.533e+00 4.205e+00 2.128e+00 9.933e-01 4.633e-01 2.250e-01 1.067e-01 4.333e-02 1.833e-02 
 Se han almacenado los resultados en el  directorio <./Madrid>.
Resultados para el vector de Recuperados (R2) 
--(6.000e+02)-------------------------------------------
Acumulado / Max / Min: 
  Ind  ->      0      1      2      3      4      5      6      7      8      9     10     11     12     13     14     15     16     17     18     19     20     21     22     23     24     25     26     27     28     29     30     31     32     33     34     35     36     37     38     39     40     41     42     43     44     45     46     47     48     49     50     51     52     53     54     55     56     57     58     59     60     61 
  Acum -> 000000 000000 000000 000000 000000 000000 000000 000000 000000 000000 000000 000000 000000 000000 000000 000000 000008 000034 000155 000448 001220 003027 007133 016356 036983 078817 159581 304992 548955 932602 1494737 2267369 3264700 4478836 5873283 7396796 8976135 10534986 12001990 13318837 14449635 15378950 16113385 16669481 17073857 17358376 17550136 17675450 17754451 17802645 17831066 17847133 17856131 17860829 17863426 17864672 17865353 17865671 17865814 17865885 17865923 17865938 
  Max  -> 000000 000000 000000 000000 000000 000000 000000 000000 000000 000000 000000 000000 000000 000000 000000 000000 000001 000002 000003 000005 000011 000017 000042 000091 000195 000437 000870 001645 002961 004991 008184 012482 017893 024454 032096 040503 049054 057514 065554 072690 078855 083926 087795 090766 093016 094508 095590 096285 096705 096970 097145 097234 097278 097309 097324 097334 097336 097338 097342 097343 097343 097343 
  Min  -> 000000 000000 000000 000000 000000 000000 000000 000000 000000 000000 000000 000000 000000 000000 000000 000000 000000 000000 000000 000000 000000 000000 000000 000002 000005 000014 000028 000050 000084 000150 000235 000362 000555 000763 000983 001234 001504 001766 002024 002223 002410 002585 002687 002783 002860 002910 002935 002956 002973 002981 002986 002989 002990 002992 002993 002993 002993 002993 002993 002993 002993 002993 
Promedio: 
  Prom -> 0.000e+00 0.000e+00 0.000e+00 0.000e+00 0.000e+00 0.000e+00 0.000e+00 0.000e+00 0.000e+00 0.000e+00 0.000e+00 0.000e+00 0.000e+00 0.000e+00 0.000e+00 0.000e+00 1.333e-02 5.667e-02 2.583e-01 7.467e-01 2.033e+00 5.045e+00 1.189e+01 2.726e+01 6.164e+01 1.314e+02 2.660e+02 5.083e+02 9.149e+02 1.554e+03 2.491e+03 3.779e+03 5.441e+03 7.465e+03 9.789e+03 1.233e+04 1.496e+04 1.756e+04 2.000e+04 2.220e+04 2.408e+04 2.563e+04 2.686e+04 2.778e+04 2.846e+04 2.893e+04 2.925e+04 2.946e+04 2.959e+04 2.967e+04 2.972e+04 2.975e+04 2.976e+04 2.977e+04 2.977e+04 2.977e+04 2.978e+04 2.978e+04 2.978e+04 2.978e+04 2.978e+04 2.978e+04 
 Se han almacenado los resultados en el  directorio <./Madrid>.
Resultados para el vector de muertes (M)
--(6.000e+02)-------------------------------------------
Acumulado / Max / Min: 
  Ind  ->      0      1      2      3      4      5      6      7      8      9     10     11     12     13     14     15     16     17     18     19     20     21     22     23     24     25     26     27     28     29     30     31     32     33     34     35     36     37     38     39     40     41     42     43     44     45     46     47     48     49     50     51     52     53     54     55     56     57     58     59     60     61 
  Acum -> 000000 000000 000000 000000 000000 000000 000000 000000 000000 000003 000003 000003 000008 000011 000016 000033 000076 000155 000308 000563 001006 001818 003008 004873 007656 011350 016166 022270 029635 038299 048035 058801 070317 082171 094170 106139 118010 129318 139961 149895 158956 167262 174772 181367 187120 192071 196391 199884 202895 205502 207764 209497 210915 212093 213065 213816 214425 214912 215337 215672 215901 216109 
  Max  -> 000000 000000 000000 000000 000000 000000 000000 000000 000000 000001 000001 000001 000001 000001 000001 000002 000002 000003 000004 000005 000007 000011 000019 000029 000042 000056 000084 000121 000160 000212 000277 000345 000408 000466 000530 000595 000666 000728 000790 000852 000903 000933 000985 001021 001045 001074 001100 001115 001130 001142 001154 001161 001169 001177 001181 001184 001191 001191 001196 001198 001198 001201 
  Min  -> 000000 000000 000000 000000 000000 000000 000000 000000 000000 000000 000000 000000 000000 000000 000000 000000 000000 000000 000000 000000 000000 000000 000000 000000 000000 000000 000000 000001 000004 000007 000007 000009 000012 000013 000014 000017 000018 000018 000018 000021 000022 000026 000027 000030 000030 000030 000031 000031 000031 000032 000032 000032 000033 000033 000033 000033 000033 000033 000033 000033 000033 000033 
Promedio: 
  Prom -> 0.000e+00 0.000e+00 0.000e+00 0.000e+00 0.000e+00 0.000e+00 0.000e+00 0.000e+00 0.000e+00 5.000e-03 5.000e-03 5.000e-03 1.333e-02 1.833e-02 2.667e-02 5.500e-02 1.267e-01 2.583e-01 5.133e-01 9.383e-01 1.677e+00 3.030e+00 5.013e+00 8.122e+00 1.276e+01 1.892e+01 2.694e+01 3.712e+01 4.939e+01 6.383e+01 8.006e+01 9.800e+01 1.172e+02 1.370e+02 1.570e+02 1.769e+02 1.967e+02 2.155e+02 2.333e+02 2.498e+02 2.649e+02 2.788e+02 2.913e+02 3.023e+02 3.119e+02 3.201e+02 3.273e+02 3.331e+02 3.382e+02 3.425e+02 3.463e+02 3.492e+02 3.515e+02 3.535e+02 3.551e+02 3.564e+02 3.574e+02 3.582e+02 3.589e+02 3.595e+02 3.598e+02 3.602e+02 
 Se han almacenado los resultados en el  directorio <./Madrid>.

Promedios estimados vs datos reales de muertes diarias (M) <Madrid>
       -> 0.000e+00 0.000e+00 0.000e+00 0.000e+00 0.000e+00 0.000e+00 0.000e+00 0.000e+00 0.000e+00 5.000e-03 5.000e-03 5.000e-03 1.333e-02 1.833e-02 2.667e-02 5.500e-02 1.267e-01 2.583e-01 5.133e-01 9.383e-01 1.677e+00 3.030e+00 5.013e+00 8.122e+00 1.276e+01 1.892e+01 2.694e+01 3.712e+01 4.939e+01 6.383e+01 8.006e+01 9.800e+01 1.172e+02 1.370e+02 1.569e+02 1.769e+02 1.967e+02 2.155e+02 2.333e+02 2.498e+02 2.649e+02 2.788e+02 2.913e+02 3.023e+02 3.119e+02 3.201e+02 3.273e+02 3.331e+02 3.382e+02 3.425e+02 3.463e+02 3.492e+02 3.515e+02 3.535e+02 3.551e+02 3.564e+02 3.574e+02 3.582e+02 3.589e+02 3.595e+02 3.598e+02 3.602e+02 
       -> 0.000e+00 0.000e+00 0.000e+00 0.000e+00 0.000e+00 0.000e+00 0.000e+00 0.000e+00 0.000e+00 0.000e+00 0.000e+00 0.000e+00 0.000e+00 0.000e+00 0.000e+00 0.000e+00 0.000e+00 0.000e+00 1.000e+00 2.000e+00 4.000e+00 8.000e+00 8.000e+00 2.100e+01 3.100e+01 5.600e+01 8.100e+01 8.600e+01 2.130e+02 2.130e+02 3.550e+02 3.900e+02 4.980e+02 6.280e+02 8.040e+02 1.021e+03 1.263e+03 1.535e+03 1.825e+03 2.090e+03 2.412e+03 2.757e+03 3.082e+03 3.392e+03 3.603e+03 3.865e+03 4.175e+03 4.483e+03 4.723e+03 4.941e+03 5.136e+03 5.371e+03 5.586e+03 5.800e+03 5.972e+03 6.084e+03 6.278e+03 6.423e+03 6.568e+03 6.724e+03 6.877e+03 7.007e+03 
Función tasa de contagio (R0): 
       -> 1.089e+00 1.185e+00 1.269e+00 1.331e+00 1.359e+00 1.346e+00 1.287e+00 1.183e+00 1.039e+00 8.693e-01 6.891e-01 5.152e-01 3.617e-01 2.372e-01 1.447e-01 8.176e-02 4.256e-02 2.032e-02 8.860e-03 3.510e-03 1.258e-03 4.060e-04 1.174e-04 3.029e-05 6.939e-06 1.405e-06 2.502e-07 3.903e-08 5.306e-09 6.257e-10 6.373e-11 5.578e-12 4.178e-13 2.665e-14 1.440e-15 6.570e-17 2.517e-18 8.058e-20 2.147e-21 4.737e-23 8.616e-25 1.286e-26 1.567e-28 1.553e-30 1.245e-32 8.043e-35 4.164e-37 0.000e+00 0.000e+00 0.000e+00 0.000e+00 0.000e+00 0.000e+00 0.000e+00 0.000e+00 0.000e+00 0.000e+00 0.000e+00 0.000e+00 0.000e+00 0.000e+00 
Suma muertes reales: 
  -> 7.007e+03 (err: 5.529e+04)
 Se han almacenado los resultados en el  directorio <./Madrid>.

Tiempo de cómputo: 5.441e+00

