Versión 0.2.0 2020/04/20 02:10
(Simulador de Circuito Paralelizado con OpenMP)

Empleando la función Tasa de transmisión R0: A*e^(-(B/10*x+C/100*x^2+D/1000*X^3)) 
El archivo <./Vasco/ParInit_Optimos_08_006_Exp4.txt> contiene los siguientes valores
  -> 0 0 2 1 0.797 0.059 5.807 0.948 5.807 0.948 9 14 6.67 2.55 5 10 7 14 2.232 1.366 0.033 0.001 0 0 0 0 0 

Leyendo archivo de comunidades de españa para <Vasco>
Los datos originales eran desde el día 2020-03-03 hasta el día 2020-04-19
Datos ajustados para que contengan 18 ceros en lugar de 2 al inicio.
El inicio de los datos se corresponde con 16 días antes de la fecha original.
El archivo de <Vasco> contiene los siguientes valores
  -> 0 0 0 0 0 0 0 0 0 0 0 0 0 0 0 0 0 0 1 1 1 5 5 6 6 11 14 14 23 23 36 40 53 71 85 97 120 133 155 180 207 221 265 297 325 369 412 444 477 515 548 586 ...
  -> Tamaño del histórico: 64 días
  -> Población <Vasco>: 2207776

El archivo <./Vasco/ParInit_Optimos_08_006_Exp4.txt> contiene los siguientes valores
  -> Inicialmente hay 2 contagiados que en 1 días presentarán síntomas (I1->I3).
            	# 	#1	#2	#3	#4	#5	#6
  -> alfas: 	0.80	5.8070	5.8070	9.0000	6.6700	5.0000	7.0000
  -> betas: 	0.06	0.9480	0.9480	14.0000	2.5500	10.0000	14.0000
    ----------------------------------------------------------------------------------
   exp f/c  	         1           2           3
  ->   1    	+2.232e+00  +3.300e-02  +3.300e-02
  ->   2    	+1.000e-03  +0.000e+00  +0.000e+00
  ->   3    	+0.000e+00  +0.000e+00  +0.000e+00

(600) Simulaciones de 62 días empleando 2207776 personas ...
Resultados para el vector de Susceptibles (S)
--(6.000e+02)-------------------------------------------
Acumulado / Max / Min: 
  Ind  ->      0      1      2      3      4      5      6      7      8      9     10     11     12     13     14     15     16     17     18     19     20     21     22     23     24     25     26     27     28     29     30     31     32     33     34     35     36     37     38     39     40     41     42     43     44     45     46     47     48     49     50     51     52     53     54     55     56     57     58     59     60     61 
  Acum -> 1324665600 1324663332 1324657305 1324643274 1324612985 1324552888 1324442375 1324252967 1323949946 1323494867 1322848503 1321982282 1320875554 1319522393 1317935563 1316141721 1314184818 1312107190 1309964717 1307806184 1305678502 1303616786 1301653495 1299815479 1298115972 1296558891 1295151593 1293886428 1292763777 1291772200 1290906297 1290155543 1289509604 1288958069 1288489336 1288096763 1287769149 1287499245 1287277691 1287098654 1286954337 1286839837 1286748486 1286677557 1286622726 1286580265 1286548245 1286523942 1286505772 1286492227 1286482161 1286474763 1286469518 1286465796 1286463127 1286461161 1286459757 1286458808 1286458110 1286457646 1286457327 1286457111 
  Max  -> 2207776 2207776 2207775 2207771 2207765 2207754 2207732 2207687 2207627 2207528 2207408 2207209 2206984 2206709 2206355 2205986 2205588 2205171 2204735 2204283 2203834 2203386 2202991 2202605 2202271 2202001 2201717 2201474 2201247 2201039 2200845 2200677 2200556 2200461 2200373 2200293 2200229 2200178 2200131 2200093 2200068 2200042 2200027 2200010 2200002 2199999 2199993 2199991 2199991 2199985 2199985 2199984 2199983 2199983 2199983 2199982 2199982 2199982 2199981 2199981 2199981 2199981 
  Min  -> 2207776 2207763 2207736 2207677 2207532 2207229 2206693 2205763 2204277 2202051 2198821 2194535 2189057 2182263 2174665 2165845 2156198 2146089 2135477 2124759 2114299 2104106 2094483 2085326 2077008 2069319 2062403 2056123 2050473 2045619 2041377 2037677 2034474 2031827 2029463 2027479 2025841 2024521 2023359 2022447 2021757 2021172 2020705 2020376 2020095 2019895 2019718 2019583 2019487 2019410 2019365 2019328 2019306 2019285 2019269 2019264 2019257 2019250 2019249 2019247 2019244 2019243 
Promedio: 
  Prom -> 2.208e+06 2.208e+06 2.208e+06 2.208e+06 2.208e+06 2.208e+06 2.207e+06 2.207e+06 2.207e+06 2.206e+06 2.205e+06 2.203e+06 2.201e+06 2.199e+06 2.197e+06 2.194e+06 2.190e+06 2.187e+06 2.183e+06 2.180e+06 2.176e+06 2.173e+06 2.169e+06 2.166e+06 2.164e+06 2.161e+06 2.159e+06 2.156e+06 2.155e+06 2.153e+06 2.152e+06 2.150e+06 2.149e+06 2.148e+06 2.147e+06 2.147e+06 2.146e+06 2.146e+06 2.145e+06 2.145e+06 2.145e+06 2.145e+06 2.145e+06 2.144e+06 2.144e+06 2.144e+06 2.144e+06 2.144e+06 2.144e+06 2.144e+06 2.144e+06 2.144e+06 2.144e+06 2.144e+06 2.144e+06 2.144e+06 2.144e+06 2.144e+06 2.144e+06 2.144e+06 2.144e+06 2.144e+06 
 Se han almacenado los resultados en el  directorio <./Vasco>.
Resultados para el vector de Infectados (I1) 
--(6.000e+02)-------------------------------------------
Acumulado / Max / Min: 
  Ind  ->      0      1      2      3      4      5      6      7      8      9     10     11     12     13     14     15     16     17     18     19     20     21     22     23     24     25     26     27     28     29     30     31     32     33     34     35     36     37     38     39     40     41     42     43     44     45     46     47     48     49     50     51     52     53     54     55     56     57     58     59     60     61 
  Acum -> 000000 003468 008294 022248 052173 111014 218021 399211 685103 1105926 1689746 2448780 3381583 4468912 5666811 6917007 8152485 9308892 10319615 11136102 11723799 12071405 12177355 12056511 11733367 11248542 10631409 9926766 9159874 8366019 7564466 6777758 6019066 5301150 4633486 4018410 3458164 2950973 2499836 2101358 1751526 1448833 1188613 967784 781631 626323 497445 391615 306131 237294 182604 139628 105576 079282 058848 043558 032044 023299 016750 012129 008834 006283 
  Max  -> 000000 000015 000040 000099 000242 000541 001060 001951 003366 005418 008353 012103 016745 022206 027896 034038 040104 045619 050673 054766 057623 059546 060063 059535 057741 055324 052363 048896 045306 041336 037507 033737 029854 026229 022866 019814 017111 014544 012455 010481 008773 007254 006008 004843 003880 003066 002476 001966 001571 001226 000946 000743 000559 000418 000306 000247 000177 000125 000088 000059 000048 000038 
  Min  -> 000000 000002 000001 000005 000011 000022 000044 000087 000144 000236 000342 000513 000693 000911 001182 001441 001695 001905 002127 002297 002423 002506 002554 002533 002421 002281 002143 001960 001781 001675 001538 001386 001247 001084 000938 000816 000694 000586 000485 000400 000326 000280 000227 000190 000154 000125 000097 000069 000047 000043 000028 000020 000018 000013 000009 000006 000004 000003 000002 000001 000001 000000 
Promedio: 
  Prom -> 0.000e+00 5.780e+00 1.382e+01 3.708e+01 8.696e+01 1.850e+02 3.634e+02 6.654e+02 1.142e+03 1.843e+03 2.816e+03 4.081e+03 5.636e+03 7.448e+03 9.445e+03 1.153e+04 1.359e+04 1.551e+04 1.720e+04 1.856e+04 1.954e+04 2.012e+04 2.030e+04 2.009e+04 1.956e+04 1.875e+04 1.772e+04 1.654e+04 1.527e+04 1.394e+04 1.261e+04 1.130e+04 1.003e+04 8.835e+03 7.722e+03 6.697e+03 5.764e+03 4.918e+03 4.166e+03 3.502e+03 2.919e+03 2.415e+03 1.981e+03 1.613e+03 1.303e+03 1.044e+03 8.291e+02 6.527e+02 5.102e+02 3.955e+02 3.043e+02 2.327e+02 1.760e+02 1.321e+02 9.808e+01 7.260e+01 5.341e+01 3.883e+01 2.792e+01 2.022e+01 1.472e+01 1.047e+01 
 Se han almacenado los resultados en el  directorio <./Vasco>.
Resultados para el vector de Infectados (I2) 
--(6.000e+02)-------------------------------------------
Acumulado / Max / Min: 
  Ind  ->      0      1      2      3      4      5      6      7      8      9     10     11     12     13     14     15     16     17     18     19     20     21     22     23     24     25     26     27     28     29     30     31     32     33     34     35     36     37     38     39     40     41     42     43     44     45     46     47     48     49     50     51     52     53     54     55     56     57     58     59     60     61 
  Acum -> 001200 000000 000000 000064 000358 001367 004133 010682 024279 051484 101089 185689 322064 529255 829065 1242551 1780925 2452058 3250898 4160876 5151765 6184734 7211199 8180568 9050761 9776875 10330241 10691361 10857682 10830393 10632241 10279008 9802556 9228781 8585576 7900080 7197856 6495895 5810099 5151634 4533643 3956114 3426255 2944267 2510553 2124178 1783711 1486788 1229704 1009407 822310 664769 532615 423919 334732 262208 203597 156983 120125 091314 068807 051412 
  Max  -> 000002 000000 000000 000002 000004 000009 000021 000050 000109 000248 000470 000886 001538 002579 004026 006065 008774 012153 016097 020587 025464 030433 035415 040162 044512 048012 050587 052595 053291 053202 052242 050469 048266 045475 042348 039088 035633 032274 028828 025593 022448 019663 017025 014552 012486 010559 008834 007358 006104 004991 004041 003230 002551 002085 001677 001321 001054 000832 000663 000486 000367 000271 
  Min  -> 000002 000000 000000 000000 000000 000000 000000 000001 000003 000009 000021 000048 000081 000125 000190 000275 000382 000524 000668 000866 001064 001290 001463 001670 001865 001998 002102 002204 002258 002186 002164 002100 001989 001868 001749 001595 001471 001341 001189 001059 000928 000794 000693 000608 000509 000422 000354 000278 000221 000176 000148 000114 000087 000066 000055 000038 000028 000024 000016 000011 000011 000009 
Promedio: 
  Prom -> 2.000e+00 0.000e+00 0.000e+00 1.067e-01 5.967e-01 2.278e+00 6.888e+00 1.780e+01 4.046e+01 8.581e+01 1.685e+02 3.095e+02 5.368e+02 8.821e+02 1.382e+03 2.071e+03 2.968e+03 4.087e+03 5.418e+03 6.935e+03 8.586e+03 1.031e+04 1.202e+04 1.363e+04 1.508e+04 1.629e+04 1.722e+04 1.782e+04 1.810e+04 1.805e+04 1.772e+04 1.713e+04 1.634e+04 1.538e+04 1.431e+04 1.317e+04 1.200e+04 1.083e+04 9.683e+03 8.586e+03 7.556e+03 6.594e+03 5.710e+03 4.907e+03 4.184e+03 3.540e+03 2.973e+03 2.478e+03 2.050e+03 1.682e+03 1.371e+03 1.108e+03 8.877e+02 7.065e+02 5.579e+02 4.370e+02 3.393e+02 2.616e+02 2.002e+02 1.522e+02 1.147e+02 8.569e+01 
 Se han almacenado los resultados en el  directorio <./Vasco>.
Resultados para el vector de Infectados (I3) 
--(6.000e+02)-------------------------------------------
Acumulado / Max / Min: 
  Ind  ->      0      1      2      3      4      5      6      7      8      9     10     11     12     13     14     15     16     17     18     19     20     21     22     23     24     25     26     27     28     29     30     31     32     33     34     35     36     37     38     39     40     41     42     43     44     45     46     47     48     49     50     51     52     53     54     55     56     57     58     59     60     61 
  Acum -> 000000 000000 001201 001214 001284 001531 002270 003939 007454 014434 027130 048682 083938 137503 216048 325802 471639 657520 885677 1152775 1456524 1788818 2141627 2500574 2852927 3185975 3484729 3739936 3941146 4080676 4156938 4170934 4125974 4024646 3877121 3688756 3471649 3234258 2982441 2725407 2470790 2221530 1982193 1755878 1544673 1348919 1170356 1008662 864171 735333 621841 523224 437262 363760 300444 246876 201920 164566 133305 107751 086532 069307 
  Max  -> 000000 000000 000003 000004 000005 000007 000010 000017 000034 000071 000140 000247 000424 000694 001103 001634 002336 003250 004368 005703 007187 008756 010556 012383 014158 015831 017352 018601 019637 020337 020649 020635 020404 019934 019114 018142 017051 015932 014713 013395 012094 010926 009722 008638 007609 006688 005834 005045 004340 003779 003254 002744 002328 001918 001580 001295 001039 000850 000689 000552 000468 000365 
  Min  -> 000000 000000 000002 000002 000002 000002 000002 000002 000002 000004 000005 000007 000018 000030 000046 000069 000095 000146 000191 000240 000312 000376 000444 000523 000603 000687 000731 000796 000837 000853 000877 000889 000839 000800 000782 000742 000699 000632 000574 000523 000476 000429 000389 000332 000300 000268 000232 000208 000176 000144 000124 000103 000087 000073 000060 000049 000043 000037 000034 000026 000021 000016 
Promedio: 
  Prom -> 0.000e+00 0.000e+00 2.002e+00 2.023e+00 2.140e+00 2.552e+00 3.783e+00 6.565e+00 1.242e+01 2.406e+01 4.522e+01 8.114e+01 1.399e+02 2.292e+02 3.601e+02 5.430e+02 7.861e+02 1.096e+03 1.476e+03 1.921e+03 2.428e+03 2.981e+03 3.569e+03 4.168e+03 4.755e+03 5.310e+03 5.808e+03 6.233e+03 6.569e+03 6.801e+03 6.928e+03 6.952e+03 6.877e+03 6.708e+03 6.462e+03 6.148e+03 5.786e+03 5.390e+03 4.971e+03 4.542e+03 4.118e+03 3.703e+03 3.304e+03 2.926e+03 2.574e+03 2.248e+03 1.951e+03 1.681e+03 1.440e+03 1.226e+03 1.036e+03 8.720e+02 7.288e+02 6.063e+02 5.007e+02 4.115e+02 3.365e+02 2.743e+02 2.222e+02 1.796e+02 1.442e+02 1.155e+02 
 Se han almacenado los resultados en el  directorio <./Vasco>.
Resultados para el vector de Recuperados (R1) 
--(6.000e+02)-------------------------------------------
Acumulado / Max / Min: 
  Ind  ->      0      1      2      3      4      5      6      7      8      9     10     11     12     13     14     15     16     17     18     19     20     21     22     23     24     25     26     27     28     29     30     31     32     33     34     35     36     37     38     39     40     41     42     43     44     45     46     47     48     49     50     51     52     53     54     55     56     57     58     59     60     61 
  Acum -> 000000 000000 000000 000000 000000 000000 000000 000000 000015 000086 000328 001358 003648 008717 019281 039666 076838 140927 245374 409595 653363 998952 1470594 2089118 2867948 3813845 4925361 6182572 7559156 9021674 10514053 11986603 13382559 14653790 15746467 16625494 17258346 17636513 17752720 17616723 17244671 16671592 15925758 15038474 14049700 12992932 11902368 10805961 9722862 8675370 7678333 6744805 5879993 5086435 4368751 3724927 3155756 2653355 2215075 1834494 1510218 1235279 
  Max  -> 000000 000000 000000 000000 000000 000000 000000 000000 000002 000002 000003 000008 000017 000038 000088 000196 000365 000666 001159 001957 003193 004910 007197 010252 014156 018923 024412 030413 037201 044389 051690 058991 065912 072136 077535 081839 084969 086826 087386 086883 085189 082411 078775 074381 069454 064220 058900 053420 048045 042907 037970 033355 029074 025044 021430 018382 015632 013124 011031 009102 007466 006129 
  Min  -> 000000 000000 000000 000000 000000 000000 000000 000000 000000 000000 000000 000000 000000 000001 000004 000007 000018 000032 000057 000092 000144 000219 000324 000442 000601 000782 001046 001291 001574 001890 002160 002452 002763 003042 003249 003437 003545 003607 003658 003615 003560 003457 003284 003087 002881 002643 002409 002198 001998 001775 001543 001351 001153 000999 000855 000739 000611 000516 000436 000352 000280 000221 
Promedio: 
  Prom -> 0.000e+00 0.000e+00 0.000e+00 0.000e+00 0.000e+00 0.000e+00 0.000e+00 0.000e+00 2.500e-02 1.433e-01 5.467e-01 2.263e+00 6.080e+00 1.453e+01 3.214e+01 6.611e+01 1.281e+02 2.349e+02 4.090e+02 6.827e+02 1.089e+03 1.665e+03 2.451e+03 3.482e+03 4.780e+03 6.356e+03 8.209e+03 1.030e+04 1.260e+04 1.504e+04 1.752e+04 1.998e+04 2.230e+04 2.442e+04 2.624e+04 2.771e+04 2.876e+04 2.939e+04 2.959e+04 2.936e+04 2.874e+04 2.779e+04 2.654e+04 2.506e+04 2.342e+04 2.165e+04 1.984e+04 1.801e+04 1.620e+04 1.446e+04 1.280e+04 1.124e+04 9.800e+03 8.477e+03 7.281e+03 6.208e+03 5.260e+03 4.422e+03 3.692e+03 3.057e+03 2.517e+03 2.059e+03 
 Se han almacenado los resultados en el  directorio <./Vasco>.
Resultados para el vector de Recuperados (R2) 
--(6.000e+02)-------------------------------------------
Acumulado / Max / Min: 
  Ind  ->      0      1      2      3      4      5      6      7      8      9     10     11     12     13     14     15     16     17     18     19     20     21     22     23     24     25     26     27     28     29     30     31     32     33     34     35     36     37     38     39     40     41     42     43     44     45     46     47     48     49     50     51     52     53     54     55     56     57     58     59     60     61 
  Acum -> 000000 000000 000000 000000 000000 000000 000000 000000 000000 000000 000000 000000 000000 000000 000000 000001 000012 000060 000241 000781 002044 004835 010568 021587 041399 076197 134324 227022 368174 573208 863452 1259517 1780386 2443273 3265924 4255082 5415196 6738011 8215747 9827614 11548616 13347640 15195950 17064918 18921645 20740501 22493718 24162475 25735028 27198979 28547176 29773872 30883821 31878145 32761145 33538928 34216125 34804617 35311220 35745153 36111265 36418858 
  Max  -> 000000 000000 000000 000000 000000 000000 000000 000000 000000 000000 000000 000000 000000 000000 000000 000001 000001 000002 000003 000006 000013 000026 000052 000105 000186 000346 000624 001099 001785 002785 004155 006077 008627 011884 016089 020991 026677 033125 040395 048264 056719 065472 074575 083917 093083 102089 110680 119005 126729 133885 140560 146682 152195 157190 161626 165358 168639 171577 173995 176228 178065 179588 
  Min  -> 000000 000000 000000 000000 000000 000000 000000 000000 000000 000000 000000 000000 000000 000000 000000 000000 000000 000000 000000 000000 000000 000001 000002 000005 000011 000019 000030 000050 000077 000127 000184 000264 000372 000510 000673 000878 001121 001415 001720 002063 002391 002744 003124 003512 003892 004279 004649 004987 005294 005601 005891 006141 006380 006574 006743 006891 007036 007141 007231 007329 007407 007469 
Promedio: 
  Prom -> 0.000e+00 0.000e+00 0.000e+00 0.000e+00 0.000e+00 0.000e+00 0.000e+00 0.000e+00 0.000e+00 0.000e+00 0.000e+00 0.000e+00 0.000e+00 0.000e+00 0.000e+00 1.667e-03 2.000e-02 1.000e-01 4.017e-01 1.302e+00 3.407e+00 8.058e+00 1.761e+01 3.598e+01 6.900e+01 1.270e+02 2.239e+02 3.784e+02 6.136e+02 9.553e+02 1.439e+03 2.099e+03 2.967e+03 4.072e+03 5.443e+03 7.092e+03 9.025e+03 1.123e+04 1.369e+04 1.638e+04 1.925e+04 2.225e+04 2.533e+04 2.844e+04 3.154e+04 3.457e+04 3.749e+04 4.027e+04 4.289e+04 4.533e+04 4.758e+04 4.962e+04 5.147e+04 5.313e+04 5.460e+04 5.590e+04 5.703e+04 5.801e+04 5.885e+04 5.958e+04 6.019e+04 6.070e+04 
 Se han almacenado los resultados en el  directorio <./Vasco>.
Resultados para el vector de muertes (M)
--(6.000e+02)-------------------------------------------
Acumulado / Max / Min: 
  Ind  ->      0      1      2      3      4      5      6      7      8      9     10     11     12     13     14     15     16     17     18     19     20     21     22     23     24     25     26     27     28     29     30     31     32     33     34     35     36     37     38     39     40     41     42     43     44     45     46     47     48     49     50     51     52     53     54     55     56     57     58     59     60     61 
  Acum -> 000000 000000 000000 000000 000000 000000 000001 000001 000003 000003 000004 000009 000013 000020 000032 000052 000083 000153 000278 000486 000802 001269 001961 002962 004425 006474 009142 012712 016987 022626 029349 037433 046651 057087 068886 082211 096436 111901 128262 145406 163212 181249 199540 217917 235867 253676 270951 287351 303126 318184 332369 345733 358009 369457 379747 389136 397595 405166 412209 418307 423811 428544 
  Max  -> 000000 000000 000000 000000 000000 000000 000001 000001 000001 000001 000001 000001 000001 000001 000001 000001 000002 000002 000004 000004 000007 000011 000013 000019 000025 000037 000047 000064 000085 000110 000158 000192 000241 000293 000363 000425 000496 000556 000642 000715 000802 000880 000968 001071 001171 001261 001336 001401 001502 001580 001642 001696 001765 001838 001899 001950 001998 002040 002073 002105 002128 002155 
  Min  -> 000000 000000 000000 000000 000000 000000 000000 000000 000000 000000 000000 000000 000000 000000 000000 000000 000000 000000 000000 000000 000000 000000 000000 000000 000000 000000 000002 000002 000002 000005 000007 000010 000012 000013 000014 000017 000019 000019 000021 000025 000029 000032 000034 000039 000040 000042 000044 000047 000051 000054 000059 000065 000070 000070 000073 000073 000074 000075 000076 000076 000077 000079 
Promedio: 
  Prom -> 0.000e+00 0.000e+00 0.000e+00 0.000e+00 0.000e+00 0.000e+00 1.667e-03 1.667e-03 5.000e-03 5.000e-03 6.667e-03 1.500e-02 2.167e-02 3.333e-02 5.333e-02 8.667e-02 1.383e-01 2.550e-01 4.633e-01 8.100e-01 1.337e+00 2.115e+00 3.268e+00 4.937e+00 7.375e+00 1.079e+01 1.524e+01 2.119e+01 2.831e+01 3.771e+01 4.892e+01 6.239e+01 7.775e+01 9.515e+01 1.148e+02 1.370e+02 1.607e+02 1.865e+02 2.138e+02 2.423e+02 2.720e+02 3.021e+02 3.326e+02 3.632e+02 3.931e+02 4.228e+02 4.516e+02 4.789e+02 5.052e+02 5.303e+02 5.539e+02 5.762e+02 5.967e+02 6.158e+02 6.329e+02 6.486e+02 6.627e+02 6.753e+02 6.870e+02 6.972e+02 7.064e+02 7.142e+02 
 Se han almacenado los resultados en el  directorio <./Vasco>.

Promedios estimados vs datos reales de muertes diarias (M) <Vasco>
       -> 0.000e+00 0.000e+00 0.000e+00 0.000e+00 0.000e+00 0.000e+00 1.667e-03 1.667e-03 5.000e-03 5.000e-03 6.667e-03 1.500e-02 2.167e-02 3.333e-02 5.333e-02 8.667e-02 1.383e-01 2.550e-01 4.633e-01 8.100e-01 1.337e+00 2.115e+00 3.268e+00 4.937e+00 7.375e+00 1.079e+01 1.524e+01 2.119e+01 2.831e+01 3.771e+01 4.892e+01 6.239e+01 7.775e+01 9.515e+01 1.148e+02 1.370e+02 1.607e+02 1.865e+02 2.138e+02 2.423e+02 2.720e+02 3.021e+02 3.326e+02 3.632e+02 3.931e+02 4.228e+02 4.516e+02 4.789e+02 5.052e+02 5.303e+02 5.539e+02 5.762e+02 5.967e+02 6.158e+02 6.329e+02 6.486e+02 6.627e+02 6.753e+02 6.870e+02 6.972e+02 7.064e+02 7.142e+02 
       -> 0.000e+00 0.000e+00 0.000e+00 0.000e+00 0.000e+00 0.000e+00 0.000e+00 0.000e+00 0.000e+00 0.000e+00 0.000e+00 0.000e+00 0.000e+00 0.000e+00 0.000e+00 0.000e+00 0.000e+00 0.000e+00 1.000e+00 1.000e+00 1.000e+00 5.000e+00 5.000e+00 6.000e+00 6.000e+00 1.100e+01 1.400e+01 1.400e+01 2.300e+01 2.300e+01 3.600e+01 4.000e+01 5.300e+01 7.100e+01 8.500e+01 9.700e+01 1.200e+02 1.330e+02 1.550e+02 1.800e+02 2.070e+02 2.210e+02 2.650e+02 2.970e+02 3.250e+02 3.690e+02 4.120e+02 4.440e+02 4.770e+02 5.150e+02 5.480e+02 5.860e+02 6.350e+02 6.890e+02 7.290e+02 7.650e+02 8.040e+02 8.310e+02 8.590e+02 9.020e+02 9.560e+02 9.920e+02 
Función tasa de contagio (R0): 
       -> 1.946e+00 1.696e+00 1.477e+00 1.286e+00 1.118e+00 9.716e-01 8.438e-01 7.323e-01 6.351e-01 5.504e-01 4.767e-01 4.125e-01 3.567e-01 3.082e-01 2.661e-01 2.296e-01 1.980e-01 1.706e-01 1.468e-01 1.263e-01 1.086e-01 9.323e-02 8.001e-02 6.860e-02 5.878e-02 5.032e-02 4.304e-02 3.679e-02 3.142e-02 2.681e-02 2.285e-02 1.947e-02 1.657e-02 1.409e-02 1.197e-02 1.016e-02 8.620e-03 7.304e-03 6.184e-03 5.231e-03 4.421e-03 3.733e-03 3.149e-03 2.654e-03 2.235e-03 1.880e-03 1.580e-03 1.327e-03 1.113e-03 9.330e-04 7.812e-04 6.535e-04 5.461e-04 4.559e-04 3.802e-04 3.168e-04 2.637e-04 2.193e-04 1.822e-04 1.512e-04 1.253e-04 
Suma muertes reales: 
  -> 9.920e+02 (err: 4.213e+02)
 Se han almacenado los resultados en el  directorio <./Vasco>.

Tiempo de cómputo: 1.069e+01

